2024-08-15 04:30:00,014 INFO 161508 [Job#172366740000818823552720255001] D:\testTools\egg-project\node_modules\.pnpm\egg-multipart@3.4.0\node_modules\egg-multipart\app\schedule\clean_tmpdir.js executing by app
2024-08-15 04:30:00,084 INFO 161508 [Job#172366740000818823552720255001] D:\testTools\egg-project\node_modules\.pnpm\egg-multipart@3.4.0\node_modules\egg-multipart\app\schedule\clean_tmpdir.js execute succeed, used 68ms. 
2024-08-15 04:30:00,030 INFO 163728 [Timer] D:\testTools\egg-project\node_modules\.pnpm\egg-multipart@3.4.0\node_modules\egg-multipart\app\schedule\clean_tmpdir.js next time will execute after 86399975ms at 2024-08-16 04:30:00.005
2024-08-15 10:55:12,874 INFO 67968 [egg-schedule]: register schedule D:\testTools\egg-project\node_modules\.pnpm\egg-multipart@3.4.0\node_modules\egg-multipart\app\schedule\clean_tmpdir.js
2024-08-15 10:55:12,874 INFO 67968 [egg-schedule]: register schedule D:\testTools\egg-project\node_modules\.pnpm\egg-logrotator@3.1.0\node_modules\egg-logrotator\app\schedule\clean_log.js
2024-08-15 10:55:12,874 INFO 67968 [egg-schedule]: register schedule D:\testTools\egg-project\node_modules\.pnpm\egg-logrotator@3.1.0\node_modules\egg-logrotator\app\schedule\rotate_by_file.js
2024-08-15 10:55:20,754 INFO 162408 [egg-schedule]: register schedule D:\testTools\egg-project\node_modules\.pnpm\egg-multipart@3.4.0\node_modules\egg-multipart\app\schedule\clean_tmpdir.js
2024-08-15 10:55:20,754 INFO 162408 [egg-schedule]: register schedule D:\testTools\egg-project\node_modules\.pnpm\egg-logrotator@3.1.0\node_modules\egg-logrotator\app\schedule\clean_log.js
2024-08-15 10:55:20,754 INFO 162408 [egg-schedule]: register schedule D:\testTools\egg-project\node_modules\.pnpm\egg-logrotator@3.1.0\node_modules\egg-logrotator\app\schedule\rotate_by_file.js
2024-08-15 10:55:34,463 INFO 124692 [egg-schedule]: register schedule D:\testTools\egg-project\node_modules\.pnpm\egg-multipart@3.4.0\node_modules\egg-multipart\app\schedule\clean_tmpdir.js
2024-08-15 10:55:34,463 INFO 124692 [egg-schedule]: register schedule D:\testTools\egg-project\node_modules\.pnpm\egg-logrotator@3.1.0\node_modules\egg-logrotator\app\schedule\clean_log.js
2024-08-15 10:55:34,463 INFO 124692 [egg-schedule]: register schedule D:\testTools\egg-project\node_modules\.pnpm\egg-logrotator@3.1.0\node_modules\egg-logrotator\app\schedule\rotate_by_file.js
2024-08-15 10:55:43,530 INFO 155836 [egg-schedule]: register schedule D:\testTools\egg-project\node_modules\.pnpm\egg-multipart@3.4.0\node_modules\egg-multipart\app\schedule\clean_tmpdir.js
2024-08-15 10:55:43,530 INFO 155836 [egg-schedule]: register schedule D:\testTools\egg-project\node_modules\.pnpm\egg-logrotator@3.1.0\node_modules\egg-logrotator\app\schedule\clean_log.js
2024-08-15 10:55:43,530 INFO 155836 [egg-schedule]: register schedule D:\testTools\egg-project\node_modules\.pnpm\egg-logrotator@3.1.0\node_modules\egg-logrotator\app\schedule\rotate_by_file.js
2024-08-15 10:56:08,964 INFO 153556 [egg-schedule]: register schedule D:\testTools\egg-project\node_modules\.pnpm\egg-multipart@3.4.0\node_modules\egg-multipart\app\schedule\clean_tmpdir.js
2024-08-15 10:56:08,965 INFO 153556 [egg-schedule]: register schedule D:\testTools\egg-project\node_modules\.pnpm\egg-logrotator@3.1.0\node_modules\egg-logrotator\app\schedule\clean_log.js
2024-08-15 10:56:08,965 INFO 153556 [egg-schedule]: register schedule D:\testTools\egg-project\node_modules\.pnpm\egg-logrotator@3.1.0\node_modules\egg-logrotator\app\schedule\rotate_by_file.js
2024-08-15 10:56:31,158 INFO 157048 [egg-schedule]: register schedule D:\testTools\egg-project\node_modules\.pnpm\egg-multipart@3.4.0\node_modules\egg-multipart\app\schedule\clean_tmpdir.js
2024-08-15 10:56:31,158 INFO 157048 [egg-schedule]: register schedule D:\testTools\egg-project\node_modules\.pnpm\egg-logrotator@3.1.0\node_modules\egg-logrotator\app\schedule\clean_log.js
2024-08-15 10:56:31,158 INFO 157048 [egg-schedule]: register schedule D:\testTools\egg-project\node_modules\.pnpm\egg-logrotator@3.1.0\node_modules\egg-logrotator\app\schedule\rotate_by_file.js
2024-08-15 11:06:34,864 INFO 152908 [egg-schedule]: register schedule D:\testTools\egg-project\node_modules\.pnpm\egg-multipart@3.4.0\node_modules\egg-multipart\app\schedule\clean_tmpdir.js
2024-08-15 11:06:34,864 INFO 152908 [egg-schedule]: register schedule D:\testTools\egg-project\node_modules\.pnpm\egg-logrotator@3.1.0\node_modules\egg-logrotator\app\schedule\clean_log.js
2024-08-15 11:06:34,864 INFO 152908 [egg-schedule]: register schedule D:\testTools\egg-project\node_modules\.pnpm\egg-logrotator@3.1.0\node_modules\egg-logrotator\app\schedule\rotate_by_file.js
2024-08-15 11:06:57,617 INFO 164044 [egg-schedule]: register schedule D:\testTools\egg-project\node_modules\.pnpm\egg-multipart@3.4.0\node_modules\egg-multipart\app\schedule\clean_tmpdir.js
2024-08-15 11:06:57,617 INFO 164044 [egg-schedule]: register schedule D:\testTools\egg-project\node_modules\.pnpm\egg-logrotator@3.1.0\node_modules\egg-logrotator\app\schedule\clean_log.js
2024-08-15 11:06:57,617 INFO 164044 [egg-schedule]: register schedule D:\testTools\egg-project\node_modules\.pnpm\egg-logrotator@3.1.0\node_modules\egg-logrotator\app\schedule\rotate_by_file.js
2024-08-15 11:07:52,929 INFO 7992 [egg-schedule]: register schedule D:\testTools\egg-project\node_modules\.pnpm\egg-multipart@3.4.0\node_modules\egg-multipart\app\schedule\clean_tmpdir.js
2024-08-15 11:07:52,929 INFO 7992 [egg-schedule]: register schedule D:\testTools\egg-project\node_modules\.pnpm\egg-logrotator@3.1.0\node_modules\egg-logrotator\app\schedule\clean_log.js
2024-08-15 11:07:52,929 INFO 7992 [egg-schedule]: register schedule D:\testTools\egg-project\node_modules\.pnpm\egg-logrotator@3.1.0\node_modules\egg-logrotator\app\schedule\rotate_by_file.js
2024-08-15 11:11:28,584 INFO 139588 [egg-schedule]: register schedule D:\testTools\egg-project\node_modules\.pnpm\egg-multipart@3.4.0\node_modules\egg-multipart\app\schedule\clean_tmpdir.js
2024-08-15 11:11:28,584 INFO 139588 [egg-schedule]: register schedule D:\testTools\egg-project\node_modules\.pnpm\egg-logrotator@3.1.0\node_modules\egg-logrotator\app\schedule\clean_log.js
2024-08-15 11:11:28,584 INFO 139588 [egg-schedule]: register schedule D:\testTools\egg-project\node_modules\.pnpm\egg-logrotator@3.1.0\node_modules\egg-logrotator\app\schedule\rotate_by_file.js
2024-08-15 13:29:32,914 INFO 155900 [egg-schedule]: register schedule D:\game-lottery-generator\egg-project\node_modules\.pnpm\egg-multipart@3.4.0\node_modules\egg-multipart\app\schedule\clean_tmpdir.js
2024-08-15 13:29:32,914 INFO 155900 [egg-schedule]: register schedule D:\game-lottery-generator\egg-project\node_modules\.pnpm\egg-logrotator@3.1.0\node_modules\egg-logrotator\app\schedule\clean_log.js
2024-08-15 13:29:32,914 INFO 155900 [egg-schedule]: register schedule D:\game-lottery-generator\egg-project\node_modules\.pnpm\egg-logrotator@3.1.0\node_modules\egg-logrotator\app\schedule\rotate_by_file.js
2024-08-15 13:29:33,520 INFO 1516 [Timer] D:\game-lottery-generator\egg-project\node_modules\.pnpm\egg-multipart@3.4.0\node_modules\egg-multipart\app\schedule\clean_tmpdir.js next time will execute after 54026482ms at 2024-08-16 04:30:00.002
2024-08-15 13:29:33,521 INFO 1516 [Timer] D:\game-lottery-generator\egg-project\node_modules\.pnpm\egg-logrotator@3.1.0\node_modules\egg-logrotator\app\schedule\clean_log.js next time will execute after 37826479ms at 2024-08-16 00:00:00.000
2024-08-15 13:29:33,521 INFO 1516 [Timer] D:\game-lottery-generator\egg-project\node_modules\.pnpm\egg-logrotator@3.1.0\node_modules\egg-logrotator\app\schedule\rotate_by_file.js next time will execute after 37827479ms at 2024-08-16 00:00:01.000
2024-11-01 17:50:36,496 INFO 14120 [egg-schedule]: register schedule D:\game-lottery-generator\egg-project\node_modules\.pnpm\egg-multipart@3.4.0\node_modules\egg-multipart\app\schedule\clean_tmpdir.js
2024-11-01 17:50:36,496 INFO 14120 [egg-schedule]: register schedule D:\game-lottery-generator\egg-project\node_modules\.pnpm\egg-logrotator@3.2.0\node_modules\egg-logrotator\app\schedule\clean_log.js
2024-11-01 17:50:36,496 INFO 14120 [egg-schedule]: register schedule D:\game-lottery-generator\egg-project\node_modules\.pnpm\egg-logrotator@3.2.0\node_modules\egg-logrotator\app\schedule\rotate_by_file.js
2024-11-01 17:50:39,030 INFO 31564 [Timer] D:\game-lottery-generator\egg-project\node_modules\.pnpm\egg-multipart@3.4.0\node_modules\egg-multipart\app\schedule\clean_tmpdir.js next time will execute after 38360973ms at 2024-11-02 04:30:00.002
2024-11-01 17:50:39,030 INFO 31564 [Timer] D:\game-lottery-generator\egg-project\node_modules\.pnpm\egg-logrotator@3.2.0\node_modules\egg-logrotator\app\schedule\clean_log.js next time will execute after 22160970ms at 2024-11-02 00:00:00.000
2024-11-01 17:50:39,030 INFO 31564 [Timer] D:\game-lottery-generator\egg-project\node_modules\.pnpm\egg-logrotator@3.2.0\node_modules\egg-logrotator\app\schedule\rotate_by_file.js next time will execute after 22161970ms at 2024-11-02 00:00:01.000
2024-11-01 17:52:25,640 INFO 31124 [egg-schedule]: register schedule D:\game-lottery-generator\egg-project\node_modules\.pnpm\egg-multipart@3.4.0\node_modules\egg-multipart\app\schedule\clean_tmpdir.js
2024-11-01 17:52:25,640 INFO 31124 [egg-schedule]: register schedule D:\game-lottery-generator\egg-project\node_modules\.pnpm\egg-logrotator@3.2.0\node_modules\egg-logrotator\app\schedule\clean_log.js
2024-11-01 17:52:25,640 INFO 31124 [egg-schedule]: register schedule D:\game-lottery-generator\egg-project\node_modules\.pnpm\egg-logrotator@3.2.0\node_modules\egg-logrotator\app\schedule\rotate_by_file.js
2024-11-01 17:52:27,053 INFO 31604 [Timer] D:\game-lottery-generator\egg-project\node_modules\.pnpm\egg-multipart@3.4.0\node_modules\egg-multipart\app\schedule\clean_tmpdir.js next time will execute after 38252949ms at 2024-11-02 04:30:00.002
2024-11-01 17:52:27,054 INFO 31604 [Timer] D:\game-lottery-generator\egg-project\node_modules\.pnpm\egg-logrotator@3.2.0\node_modules\egg-logrotator\app\schedule\clean_log.js next time will execute after 22052947ms at 2024-11-02 00:00:00.001
2024-11-01 17:52:27,054 INFO 31604 [Timer] D:\game-lottery-generator\egg-project\node_modules\.pnpm\egg-logrotator@3.2.0\node_modules\egg-logrotator\app\schedule\rotate_by_file.js next time will execute after 22053946ms at 2024-11-02 00:00:01.000
2024-11-01 17:56:37,725 INFO 31680 [egg-schedule]: register schedule D:\game-lottery-generator\egg-project\node_modules\.pnpm\egg-multipart@3.4.0\node_modules\egg-multipart\app\schedule\clean_tmpdir.js
2024-11-01 17:56:37,725 INFO 31680 [egg-schedule]: register schedule D:\game-lottery-generator\egg-project\node_modules\.pnpm\egg-logrotator@3.2.0\node_modules\egg-logrotator\app\schedule\clean_log.js
2024-11-01 17:56:37,725 INFO 31680 [egg-schedule]: register schedule D:\game-lottery-generator\egg-project\node_modules\.pnpm\egg-logrotator@3.2.0\node_modules\egg-logrotator\app\schedule\rotate_by_file.js
2024-11-04 16:15:40,632 INFO 83828 [egg-schedule]: register schedule D:\xcTools\lotteryTools\egg-project\node_modules\.pnpm\egg-multipart@3.4.0\node_modules\egg-multipart\app\schedule\clean_tmpdir.js
2024-11-04 16:15:40,632 INFO 83828 [egg-schedule]: register schedule D:\xcTools\lotteryTools\egg-project\node_modules\.pnpm\egg-logrotator@3.2.0\node_modules\egg-logrotator\app\schedule\clean_log.js
2024-11-04 16:15:40,632 INFO 83828 [egg-schedule]: register schedule D:\xcTools\lotteryTools\egg-project\node_modules\.pnpm\egg-logrotator@3.2.0\node_modules\egg-logrotator\app\schedule\rotate_by_file.js
2024-11-04 16:15:42,577 INFO 85292 [Timer] D:\xcTools\lotteryTools\egg-project\node_modules\.pnpm\egg-multipart@3.4.0\node_modules\egg-multipart\app\schedule\clean_tmpdir.js next time will execute after 44057426ms at 2024-11-05 04:30:00.003
2024-11-04 16:15:42,577 INFO 85292 [Timer] D:\xcTools\lotteryTools\egg-project\node_modules\.pnpm\egg-logrotator@3.2.0\node_modules\egg-logrotator\app\schedule\clean_log.js next time will execute after 27857423ms at 2024-11-05 00:00:00.000
2024-11-04 16:15:42,577 INFO 85292 [Timer] D:\xcTools\lotteryTools\egg-project\node_modules\.pnpm\egg-logrotator@3.2.0\node_modules\egg-logrotator\app\schedule\rotate_by_file.js next time will execute after 27858423ms at 2024-11-05 00:00:01.000
